Build started 5/23/2021 1:45:43 PM.
     1>Project "C:\Users\mayur\Downloads\challenge\Dll6\Dll6\Dll6.vcxproj" on node 2 (Build target(s)).
     1>ClCompile:
         D:\VS\VC\bin\CL.exe /c /ZI /nologo /W3 /WX- /Od /Oy- /D WIN32 /D _DEBUG /D _WINDOWS /D _USRDLL /D DLL6_EXPORTS /D _WINDLL /D _UNICODE /D UNICODE /Gm /EHsc /RTC1 /MDd /GS /fp:precise /Zc:wchar_t /Zc:forScope /Yc"stdafx.h" /Fp"Debug\Dll6.pch" /Fo"Debug\\" /Fd"Debug\vc120.pdb" /Gd /TP /analyze- /errorReport:prompt stdafx.cpp
         stdafx.cpp
         D:\VS\VC\bin\CL.exe /c /ZI /nologo /W3 /WX- /Od /Oy- /D WIN32 /D _DEBUG /D _WINDOWS /D _USRDLL /D DLL6_EXPORTS /D _WINDLL /D _UNICODE /D UNICODE /Gm /EHsc /RTC1 /MDd /GS /fp:precise /Zc:wchar_t /Zc:forScope /Yu"stdafx.h" /Fp"Debug\Dll6.pch" /Fo"Debug\\" /Fd"Debug\vc120.pdb" /Gd /TP /analyze- /errorReport:prompt Dll6.cpp
         Dll6.cpp
     1>c:\users\mayur\downloads\challenge\dll6\dll6\dll6.cpp(6): warning C4005: 'DLL6_EXPORTS' : macro redefinition
                 command-line arguments :  see previous definition of 'DLL6_EXPORTS'
         D:\VS\VC\bin\CL.exe /c /ZI /nologo /W3 /WX- /Od /Oy- /D WIN32 /D _DEBUG /D _WINDOWS /D _USRDLL /D DLL6_EXPORTS /D _WINDLL /D _UNICODE /D UNICODE /Gm /EHsc /RTC1 /MDd /GS /fp:precise /Zc:wchar_t /Zc:forScope /Fo"Debug\\" /Fd"Debug\vc120.pdb" /Gd /TP /analyze- /errorReport:prompt dllmain.cpp
         dllmain.cpp
       Link:
         D:\VS\VC\bin\link.exe /ERRORREPORT:PROMPT /OUT:"C:\Users\mayur\Downloads\challenge\Dll6\Dll6\Debug\Dll6.dll" /INCREMENTAL /NOLOGO kernel32.lib user32.lib gdi32.lib winspool.lib comdlg32.lib advapi32.lib shell32.lib ole32.lib oleaut32.lib uuid.lib odbc32.lib odbccp32.lib /DEF:"Dll6.def" /MANIFEST /MANIFESTUAC:"level='asInvoker' uiAccess='false'" /manifest:embed /DEBUG /PDB:"C:\Users\mayur\Downloads\challenge\Dll6\Dll6\Debug\Dll6.pdb" /SUBSYSTEM:WINDOWS /TLBID:1 /DYNAMICBASE /NXCOMPAT /IMPLIB:"C:\Users\mayur\Downloads\challenge\Dll6\Dll6\Debug\Dll6.lib" /MACHINE:X86 /DLL Debug\Dll6.obj
         Debug\dllmain.obj
         Debug\stdafx.obj
            Creating library C:\Users\mayur\Downloads\challenge\Dll6\Dll6\Debug\Dll6.lib and object C:\Users\mayur\Downloads\challenge\Dll6\Dll6\Debug\Dll6.exp
         Dll6.vcxproj -> C:\Users\mayur\Downloads\challenge\Dll6\Dll6\Debug\Dll6.dll
     1>Done Building Project "C:\Users\mayur\Downloads\challenge\Dll6\Dll6\Dll6.vcxproj" (Build target(s)).

Build succeeded.

Time Elapsed 00:00:02.09
