d:\downloads\challenge\dll1\dll1\debug\dll1.pch
d:\downloads\challenge\dll1\dll1\debug\vc142.pdb
d:\downloads\challenge\dll1\dll1\debug\vc142.idb
d:\downloads\challenge\dll1\dll1\debug\pch.obj
d:\downloads\challenge\dll1\dll1\debug\dllmain.obj
d:\downloads\challenge\dll1\dll1\debug\dll1.lib
d:\downloads\challenge\dll1\dll1\debug\dll1.exp
d:\downloads\challenge\dll1\dll1\debug\dll1.dll
d:\downloads\challenge\dll1\dll1\debug\dll1.ilk
d:\downloads\challenge\dll1\dll1\debug\dll1.pdb
d:\downloads\challenge\dll1\dll1\debug\dll1.tlog\cl.command.1.tlog
d:\downloads\challenge\dll1\dll1\debug\dll1.tlog\cl.read.1.tlog
d:\downloads\challenge\dll1\dll1\debug\dll1.tlog\cl.write.1.tlog
d:\downloads\challenge\dll1\dll1\debug\dll1.tlog\dll1.write.1u.tlog
d:\downloads\challenge\dll1\dll1\debug\dll1.tlog\link.11008.delete.1.tlog
d:\downloads\challenge\dll1\dll1\debug\dll1.tlog\link.11048.delete.1.tlog
d:\downloads\challenge\dll1\dll1\debug\dll1.tlog\link.13828.delete.1.tlog
d:\downloads\challenge\dll1\dll1\debug\dll1.tlog\link.14072.delete.1.tlog
d:\downloads\challenge\dll1\dll1\debug\dll1.tlog\link.18284.delete.1.tlog
d:\downloads\challenge\dll1\dll1\debug\dll1.tlog\link.18596.delete.1.tlog
d:\downloads\challenge\dll1\dll1\debug\dll1.tlog\link.20272.delete.1.tlog
d:\downloads\challenge\dll1\dll1\debug\dll1.tlog\link.20784.delete.1.tlog
d:\downloads\challenge\dll1\dll1\debug\dll1.tlog\link.20980.delete.1.tlog
d:\downloads\challenge\dll1\dll1\debug\dll1.tlog\link.21484.delete.1.tlog
d:\downloads\challenge\dll1\dll1\debug\dll1.tlog\link.22744.delete.1.tlog
d:\downloads\challenge\dll1\dll1\debug\dll1.tlog\link.4440.delete.1.tlog
d:\downloads\challenge\dll1\dll1\debug\dll1.tlog\link.6148.delete.1.tlog
d:\downloads\challenge\dll1\dll1\debug\dll1.tlog\link.7548.delete.1.tlog
d:\downloads\challenge\dll1\dll1\debug\dll1.tlog\link.command.1.tlog
d:\downloads\challenge\dll1\dll1\debug\dll1.tlog\link.delete.1.tlog
d:\downloads\challenge\dll1\dll1\debug\dll1.tlog\link.read.1.tlog
d:\downloads\challenge\dll1\dll1\debug\dll1.tlog\link.write.1.tlog
